********************************************************************************
Logger (error.log) is opened at Mon, 23 Jan 2017 03:38:23
********************************************************************************

********************************************************************************
Logger (error.log) is opened at Sun, 29 Jan 2017 19:37:58
********************************************************************************

********************************************************************************
Logger (error.log) is opened at Sun, 29 Jan 2017 19:50:30
********************************************************************************

********************************************************************************
Logger (error.log) is opened at Sun, 29 Jan 2017 19:55:28
********************************************************************************

********************************************************************************
Logger (error.log) is opened at Sun, 29 Jan 2017 19:59:05
********************************************************************************

********************************************************************************
Logger (error.log) is opened at Wed, 19 Apr 2017 08:22:38
********************************************************************************

********************************************************************************
Logger (error.log) is opened at Wed, 19 Apr 2017 08:24:08
********************************************************************************

********************************************************************************
Logger (error.log) is opened at Tue, 5 Nov 2019 19:13:57
********************************************************************************

